This file contains any messages produced by compilers while
running configure, to aid debugging if configure makes a mistake.

It was created by pgtcl configure 2.1.1, which was
generated by GNU Autoconf 2.69.  Invocation command line was

  $ ./configure --with-postgres-lib=/opt/postgresql-14.1/lib/ --with-postgres-include=/opt/postgresql-14.1/include/

## --------- ##
## Platform. ##
## --------- ##

hostname = CRANE
uname -m = x86_64
uname -r = 5.4.0-100-generic
uname -s = Linux
uname -v = #113-Ubuntu SMP Thu Feb 3 18:43:29 UTC 2022

/usr/bin/uname -p = unknown
/bin/uname -X     = unknown

/bin/arch              = unknown
/usr/bin/arch -k       = unknown
/usr/convex/getsysinfo = unknown
/usr/bin/hostinfo      = unknown
/bin/machine           = unknown
/usr/bin/oslevel       = unknown
/bin/universe          = unknown

PATH: /usr/local/sbin
PATH: /usr/local/bin
PATH: /usr/sbin
PATH: /usr/bin
PATH: /sbin
PATH: /bin
PATH: /usr/games
PATH: /usr/local/games
PATH: /snap/bin
PATH: /home/steve/sqllib/bin
PATH: /home/steve/sqllib/adm
PATH: /home/steve/sqllib/misc
PATH: /home/steve/sqllib/db2tss/bin


## ----------- ##
## Core tests. ##
## ----------- ##

configure:2177: checking for correct TEA configuration
configure:2190: result: ok (TEA 3.5)
configure:2322: checking for Tcl configuration
configure:2436: result: found /home/steve/V3TCLSOURCE/LINUXX64/hdbpacklinux_v7/tcl8.6.9/unix/tclConfig.sh
configure:2442: checking for existence of /home/steve/V3TCLSOURCE/LINUXX64/hdbpacklinux_v7/tcl8.6.9/unix/tclConfig.sh
configure:2446: result: loading
configure:2532: --prefix defaulting to TCL_PREFIX /home/steve/V3TCLSOURCE/LINUXX64/hdbpacklinux_v5/local
configure:2544: --exec-prefix defaulting to TCL_EXEC_PREFIX /home/steve/V3TCLSOURCE/LINUXX64/hdbpacklinux_v5/local
configure:2576: checking for a BSD-compatible install
configure:2644: result: /usr/bin/install -c
configure:2713: checking for gcc
configure:2729: found /usr/bin/gcc
configure:2740: result: gcc
configure:2969: checking for C compiler version
configure:2978: gcc --version >&5
gcc (Ubuntu 9.3.0-17ubuntu1~20.04) 9.3.0
Copyright (C) 2019 Free Software Foundation, Inc.
This is free software; see the source for copying conditions.  There is NO
warranty; not even for MERCHANTABILITY or FITNESS FOR A PARTICULAR PURPOSE.

configure:2989: $? = 0
configure:2978: gcc -v >&5
Using built-in specs.
COLLECT_GCC=gcc
COLLECT_LTO_WRAPPER=/usr/lib/gcc/x86_64-linux-gnu/9/lto-wrapper
OFFLOAD_TARGET_NAMES=nvptx-none:hsa
OFFLOAD_TARGET_DEFAULT=1
Target: x86_64-linux-gnu
Configured with: ../src/configure -v --with-pkgversion='Ubuntu 9.3.0-17ubuntu1~20.04' --with-bugurl=file:///usr/share/doc/gcc-9/README.Bugs --enable-languages=c,ada,c++,go,brig,d,fortran,objc,obj-c++,gm2 --prefix=/usr --with-gcc-major-version-only --program-suffix=-9 --program-prefix=x86_64-linux-gnu- --enable-shared --enable-linker-build-id --libexecdir=/usr/lib --without-included-gettext --enable-threads=posix --libdir=/usr/lib --enable-nls --enable-clocale=gnu --enable-libstdcxx-debug --enable-libstdcxx-time=yes --with-default-libstdcxx-abi=new --enable-gnu-unique-object --disable-vtable-verify --enable-plugin --enable-default-pie --with-system-zlib --with-target-system-zlib=auto --enable-objc-gc=auto --enable-multiarch --disable-werror --with-arch-32=i686 --with-abi=m64 --with-multilib-list=m32,m64,mx32 --enable-multilib --with-tune=generic --enable-offload-targets=nvptx-none=/build/gcc-9-HskZEa/gcc-9-9.3.0/debian/tmp-nvptx/usr,hsa --without-cuda-driver --enable-checking=release --build=x86_64-linux-gnu --host=x86_64-linux-gnu --target=x86_64-linux-gnu
Thread model: posix
gcc version 9.3.0 (Ubuntu 9.3.0-17ubuntu1~20.04) 
configure:2989: $? = 0
configure:2978: gcc -V >&5
gcc: error: unrecognized command line option '-V'
gcc: fatal error: no input files
compilation terminated.
configure:2989: $? = 1
configure:2978: gcc -qversion >&5
gcc: error: unrecognized command line option '-qversion'; did you mean '--version'?
gcc: fatal error: no input files
compilation terminated.
configure:2989: $? = 1
configure:3009: checking whether the C compiler works
configure:3031: gcc    conftest.c  >&5
configure:3035: $? = 0
configure:3083: result: yes
configure:3086: checking for C compiler default output file name
configure:3088: result: a.out
configure:3094: checking for suffix of executables
configure:3101: gcc -o conftest    conftest.c  >&5
configure:3105: $? = 0
configure:3127: result: 
configure:3149: checking whether we are cross compiling
configure:3157: gcc -o conftest    conftest.c  >&5
configure:3161: $? = 0
configure:3168: ./conftest
configure:3172: $? = 0
configure:3160: result: no
configure:3165: checking for suffix of object files
configure:3187: gcc -c   conftest.c >&5
configure:3191: $? = 0
configure:3212: result: o
configure:3216: checking whether we are using the GNU C compiler
configure:3235: gcc -c   conftest.c >&5
configure:3235: $? = 0
configure:3244: result: yes
configure:3253: checking whether gcc accepts -g
configure:3273: gcc -c -g  conftest.c >&5
configure:3273: $? = 0
configure:3314: result: yes
configure:3331: checking for gcc option to accept ISO C89
configure:3394: gcc  -c   conftest.c >&5
configure:3394: $? = 0
configure:3407: result: none needed
configure:3432: checking how to run the C preprocessor
configure:3463: gcc -E  conftest.c
configure:3463: $? = 0
configure:3477: gcc -E  conftest.c
conftest.c:9:10: fatal error: ac_nonexistent.h: No such file or directory
    9 | #include <ac_nonexistent.h>
      |          ^~~~~~~~~~~~~~~~~~
compilation terminated.
configure:3477: $? = 1
configure: failed program was:
| /* confdefs.h */
| #define PACKAGE_NAME "pgtcl"
| #define PACKAGE_TARNAME "pgtcl"
| #define PACKAGE_VERSION "2.1.1"
| #define PACKAGE_STRING "pgtcl 2.1.1"
| #define PACKAGE_BUGREPORT ""
| #define PACKAGE_URL ""
| /* end confdefs.h.  */
| #include <ac_nonexistent.h>
configure:3502: result: gcc -E
configure:3522: gcc -E  conftest.c
configure:3522: $? = 0
configure:3536: gcc -E  conftest.c
conftest.c:9:10: fatal error: ac_nonexistent.h: No such file or directory
    9 | #include <ac_nonexistent.h>
      |          ^~~~~~~~~~~~~~~~~~
compilation terminated.
configure:3536: $? = 1
configure: failed program was:
| /* confdefs.h */
| #define PACKAGE_NAME "pgtcl"
| #define PACKAGE_TARNAME "pgtcl"
| #define PACKAGE_VERSION "2.1.1"
| #define PACKAGE_STRING "pgtcl 2.1.1"
| #define PACKAGE_BUGREPORT ""
| #define PACKAGE_URL ""
| /* end confdefs.h.  */
| #include <ac_nonexistent.h>
configure:3571: checking whether make sets $(MAKE)
configure:3593: result: yes
configure:3650: checking for ranlib
configure:3666: found /usr/bin/ranlib
configure:3677: result: ranlib
configure:3709: checking for grep that handles long lines and -e
configure:3767: result: /bin/grep
configure:3772: checking for egrep
configure:3834: result: /bin/grep -E
configure:3839: checking for ANSI C header files
configure:3859: gcc -c   conftest.c >&5
configure:3859: $? = 0
configure:3932: gcc -o conftest    conftest.c  >&5
configure:3932: $? = 0
configure:3932: ./conftest
configure:3932: $? = 0
configure:3943: result: yes
configure:3956: checking for sys/types.h
configure:3956: gcc -c   conftest.c >&5
configure:3956: $? = 0
configure:3956: result: yes
configure:3956: checking for sys/stat.h
configure:3956: gcc -c   conftest.c >&5
configure:3956: $? = 0
configure:3956: result: yes
configure:3956: checking for stdlib.h
configure:3956: gcc -c   conftest.c >&5
configure:3956: $? = 0
configure:3956: result: yes
configure:3956: checking for string.h
configure:3956: gcc -c   conftest.c >&5
configure:3956: $? = 0
configure:3956: result: yes
configure:3956: checking for memory.h
configure:3956: gcc -c   conftest.c >&5
configure:3956: $? = 0
configure:3956: result: yes
configure:3956: checking for strings.h
configure:3956: gcc -c   conftest.c >&5
configure:3956: $? = 0
configure:3956: result: yes
configure:3956: checking for inttypes.h
configure:3956: gcc -c   conftest.c >&5
configure:3956: $? = 0
configure:3956: result: yes
configure:3956: checking for stdint.h
configure:3956: gcc -c   conftest.c >&5
configure:3956: $? = 0
configure:3956: result: yes
configure:3956: checking for unistd.h
configure:3956: gcc -c   conftest.c >&5
configure:3956: $? = 0
configure:3956: result: yes
configure:3978: checking if the compiler understands -pipe
configure:3993: gcc -pipe -c   conftest.c >&5
configure:3993: $? = 0
configure:3994: result: yes
configure:4008: checking whether byte ordering is bigendian
configure:4023: gcc -pipe -c   conftest.c >&5
conftest.c:20:9: error: unknown type name 'not'
   20 |         not a universal capable compiler
      |         ^~~
conftest.c:20:15: error: expected '=', ',', ';', 'asm' or '__attribute__' before 'universal'
   20 |         not a universal capable compiler
      |               ^~~~~~~~~
conftest.c:20:15: error: unknown type name 'universal'
configure:4023: $? = 1
configure: failed program was:
| /* confdefs.h */
| #define PACKAGE_NAME "pgtcl"
| #define PACKAGE_TARNAME "pgtcl"
| #define PACKAGE_VERSION "2.1.1"
| #define PACKAGE_STRING "pgtcl 2.1.1"
| #define PACKAGE_BUGREPORT ""
| #define PACKAGE_URL ""
| #define STDC_HEADERS 1
| #define HAVE_SYS_TYPES_H 1
| #define HAVE_SYS_STAT_H 1
| #define HAVE_STDLIB_H 1
| #define HAVE_STRING_H 1
| #define HAVE_MEMORY_H 1
| #define HAVE_STRINGS_H 1
| #define HAVE_INTTYPES_H 1
| #define HAVE_STDINT_H 1
| #define HAVE_UNISTD_H 1
| /* end confdefs.h.  */
| #ifndef __APPLE_CC__
| 	       not a universal capable compiler
| 	     #endif
| 	     typedef int dummy;
| 
configure:4068: gcc -pipe -c   conftest.c >&5
configure:4068: $? = 0
configure:4086: gcc -pipe -c   conftest.c >&5
conftest.c: In function 'main':
conftest.c:26:4: error: unknown type name 'not'; did you mean 'ino_t'?
   26 |    not big endian
      |    ^~~
      |    ino_t
conftest.c:26:12: error: expected '=', ',', ';', 'asm' or '__attribute__' before 'endian'
   26 |    not big endian
      |            ^~~~~~
configure:4086: $? = 1
configure: failed program was:
| /* confdefs.h */
| #define PACKAGE_NAME "pgtcl"
| #define PACKAGE_TARNAME "pgtcl"
| #define PACKAGE_VERSION "2.1.1"
| #define PACKAGE_STRING "pgtcl 2.1.1"
| #define PACKAGE_BUGREPORT ""
| #define PACKAGE_URL ""
| #define STDC_HEADERS 1
| #define HAVE_SYS_TYPES_H 1
| #define HAVE_SYS_STAT_H 1
| #define HAVE_STDLIB_H 1
| #define HAVE_STRING_H 1
| #define HAVE_MEMORY_H 1
| #define HAVE_STRINGS_H 1
| #define HAVE_INTTYPES_H 1
| #define HAVE_STDINT_H 1
| #define HAVE_UNISTD_H 1
| /* end confdefs.h.  */
| #include <sys/types.h>
| 		#include <sys/param.h>
| 
| int
| main ()
| {
| #if BYTE_ORDER != BIG_ENDIAN
| 		 not big endian
| 		#endif
| 
|   ;
|   return 0;
| }
configure:4214: result: no
configure:4241: checking for sin
configure:4241: gcc -pipe -o conftest    conftest.c  >&5
conftest.c:42:6: warning: conflicting types for built-in function 'sin'; expected 'double(double)' [-Wbuiltin-declaration-mismatch]
   42 | char sin ();
      |      ^~~
conftest.c:30:1: note: 'sin' is declared in header '<math.h>'
   29 | # include <limits.h>
   30 | #else
/usr/bin/ld: /tmp/ccsF9PHU.o: in function `main':
conftest.c:(.text+0xe): undefined reference to `sin'
collect2: error: ld returned 1 exit status
configure:4241: $? = 1
configure: failed program was:
| /* confdefs.h */
| #define PACKAGE_NAME "pgtcl"
| #define PACKAGE_TARNAME "pgtcl"
| #define PACKAGE_VERSION "2.1.1"
| #define PACKAGE_STRING "pgtcl 2.1.1"
| #define PACKAGE_BUGREPORT ""
| #define PACKAGE_URL ""
| #define STDC_HEADERS 1
| #define HAVE_SYS_TYPES_H 1
| #define HAVE_SYS_STAT_H 1
| #define HAVE_STDLIB_H 1
| #define HAVE_STRING_H 1
| #define HAVE_MEMORY_H 1
| #define HAVE_STRINGS_H 1
| #define HAVE_INTTYPES_H 1
| #define HAVE_STDINT_H 1
| #define HAVE_UNISTD_H 1
| /* end confdefs.h.  */
| /* Define sin to an innocuous variant, in case <limits.h> declares sin.
|    For example, HP-UX 11i <limits.h> declares gettimeofday.  */
| #define sin innocuous_sin
| 
| /* System header to define __stub macros and hopefully few prototypes,
|     which can conflict with char sin (); below.
|     Prefer <limits.h> to <assert.h> if __STDC__ is defined, since
|     <limits.h> exists even on freestanding compilers.  */
| 
| #ifdef __STDC__
| # include <limits.h>
| #else
| # include <assert.h>
| #endif
| 
| #undef sin
| 
| /* Override any GCC internal prototype to avoid an error.
|    Use char because int might match the return type of a GCC
|    builtin and then its argument prototype would still apply.  */
| #ifdef __cplusplus
| extern "C"
| #endif
| char sin ();
| /* The GNU C library defines this for functions which it implements
|     to always fail with ENOSYS.  Some functions are actually named
|     something starting with __ and the normal name is an alias.  */
| #if defined __stub_sin || defined __stub___sin
| choke me
| #endif
| 
| int
| main ()
| {
| return sin ();
|   ;
|   return 0;
| }
configure:4241: result: no
configure:4248: checking for main in -lieee
configure:4267: gcc -pipe -o conftest    conftest.c -lieee   >&5
/usr/bin/ld: cannot find -lieee
collect2: error: ld returned 1 exit status
configure:4267: $? = 1
configure: failed program was:
| /* confdefs.h */
| #define PACKAGE_NAME "pgtcl"
| #define PACKAGE_TARNAME "pgtcl"
| #define PACKAGE_VERSION "2.1.1"
| #define PACKAGE_STRING "pgtcl 2.1.1"
| #define PACKAGE_BUGREPORT ""
| #define PACKAGE_URL ""
| #define STDC_HEADERS 1
| #define HAVE_SYS_TYPES_H 1
| #define HAVE_SYS_STAT_H 1
| #define HAVE_STDLIB_H 1
| #define HAVE_STRING_H 1
| #define HAVE_MEMORY_H 1
| #define HAVE_STRINGS_H 1
| #define HAVE_INTTYPES_H 1
| #define HAVE_STDINT_H 1
| #define HAVE_UNISTD_H 1
| /* end confdefs.h.  */
| 
| 
| int
| main ()
| {
| return main ();
|   ;
|   return 0;
| }
configure:4276: result: no
configure:4288: checking for main in -linet
configure:4307: gcc -pipe -o conftest    conftest.c -linet   >&5
/usr/bin/ld: cannot find -linet
collect2: error: ld returned 1 exit status
configure:4307: $? = 1
configure: failed program was:
| /* confdefs.h */
| #define PACKAGE_NAME "pgtcl"
| #define PACKAGE_TARNAME "pgtcl"
| #define PACKAGE_VERSION "2.1.1"
| #define PACKAGE_STRING "pgtcl 2.1.1"
| #define PACKAGE_BUGREPORT ""
| #define PACKAGE_URL ""
| #define STDC_HEADERS 1
| #define HAVE_SYS_TYPES_H 1
| #define HAVE_SYS_STAT_H 1
| #define HAVE_STDLIB_H 1
| #define HAVE_STRING_H 1
| #define HAVE_MEMORY_H 1
| #define HAVE_STRINGS_H 1
| #define HAVE_INTTYPES_H 1
| #define HAVE_STDINT_H 1
| #define HAVE_UNISTD_H 1
| /* end confdefs.h.  */
| 
| 
| int
| main ()
| {
| return main ();
|   ;
|   return 0;
| }
configure:4316: result: no
configure:4322: checking net/errno.h usability
configure:4322: gcc -pipe -c   conftest.c >&5
conftest.c:52:10: fatal error: net/errno.h: No such file or directory
   52 | #include <net/errno.h>
      |          ^~~~~~~~~~~~~
compilation terminated.
configure:4322: $? = 1
configure: failed program was:
| /* confdefs.h */
| #define PACKAGE_NAME "pgtcl"
| #define PACKAGE_TARNAME "pgtcl"
| #define PACKAGE_VERSION "2.1.1"
| #define PACKAGE_STRING "pgtcl 2.1.1"
| #define PACKAGE_BUGREPORT ""
| #define PACKAGE_URL ""
| #define STDC_HEADERS 1
| #define HAVE_SYS_TYPES_H 1
| #define HAVE_SYS_STAT_H 1
| #define HAVE_STDLIB_H 1
| #define HAVE_STRING_H 1
| #define HAVE_MEMORY_H 1
| #define HAVE_STRINGS_H 1
| #define HAVE_INTTYPES_H 1
| #define HAVE_STDINT_H 1
| #define HAVE_UNISTD_H 1
| /* end confdefs.h.  */
| #include <stdio.h>
| #ifdef HAVE_SYS_TYPES_H
| # include <sys/types.h>
| #endif
| #ifdef HAVE_SYS_STAT_H
| # include <sys/stat.h>
| #endif
| #ifdef STDC_HEADERS
| # include <stdlib.h>
| # include <stddef.h>
| #else
| # ifdef HAVE_STDLIB_H
| #  include <stdlib.h>
| # endif
| #endif
| #ifdef HAVE_STRING_H
| # if !defined STDC_HEADERS && defined HAVE_MEMORY_H
| #  include <memory.h>
| # endif
| # include <string.h>
| #endif
| #ifdef HAVE_STRINGS_H
| # include <strings.h>
| #endif
| #ifdef HAVE_INTTYPES_H
| # include <inttypes.h>
| #endif
| #ifdef HAVE_STDINT_H
| # include <stdint.h>
| #endif
| #ifdef HAVE_UNISTD_H
| # include <unistd.h>
| #endif
| #include <net/errno.h>
configure:4322: result: no
configure:4322: checking net/errno.h presence
configure:4322: gcc -E  conftest.c
conftest.c:19:10: fatal error: net/errno.h: No such file or directory
   19 | #include <net/errno.h>
      |          ^~~~~~~~~~~~~
compilation terminated.
configure:4322: $? = 1
configure: failed program was:
| /* confdefs.h */
| #define PACKAGE_NAME "pgtcl"
| #define PACKAGE_TARNAME "pgtcl"
| #define PACKAGE_VERSION "2.1.1"
| #define PACKAGE_STRING "pgtcl 2.1.1"
| #define PACKAGE_BUGREPORT ""
| #define PACKAGE_URL ""
| #define STDC_HEADERS 1
| #define HAVE_SYS_TYPES_H 1
| #define HAVE_SYS_STAT_H 1
| #define HAVE_STDLIB_H 1
| #define HAVE_STRING_H 1
| #define HAVE_MEMORY_H 1
| #define HAVE_STRINGS_H 1
| #define HAVE_INTTYPES_H 1
| #define HAVE_STDINT_H 1
| #define HAVE_UNISTD_H 1
| /* end confdefs.h.  */
| #include <net/errno.h>
configure:4322: result: no
configure:4322: checking for net/errno.h
configure:4322: result: no
configure:4351: checking for connect
configure:4351: gcc -pipe -o conftest    conftest.c  >&5
configure:4351: $? = 0
configure:4351: result: yes
configure:4419: checking for gethostbyname
configure:4419: gcc -pipe -o conftest    conftest.c  >&5
configure:4419: $? = 0
configure:4419: result: yes
configure:4474: checking dirent.h
configure:4509: gcc -pipe -o conftest    conftest.c  >&5
configure:4509: $? = 0
configure:4517: result: yes
configure:4526: checking errno.h usability
configure:4526: gcc -pipe -c   conftest.c >&5
configure:4526: $? = 0
configure:4526: result: yes
configure:4526: checking errno.h presence
configure:4526: gcc -E  conftest.c
configure:4526: $? = 0
configure:4526: result: yes
configure:4526: checking for errno.h
configure:4526: result: yes
configure:4536: checking float.h usability
configure:4536: gcc -pipe -c   conftest.c >&5
configure:4536: $? = 0
configure:4536: result: yes
configure:4536: checking float.h presence
configure:4536: gcc -E  conftest.c
configure:4536: $? = 0
configure:4536: result: yes
configure:4536: checking for float.h
configure:4536: result: yes
configure:4546: checking values.h usability
configure:4546: gcc -pipe -c   conftest.c >&5
configure:4546: $? = 0
configure:4546: result: yes
configure:4546: checking values.h presence
configure:4546: gcc -E  conftest.c
configure:4546: $? = 0
configure:4546: result: yes
configure:4546: checking for values.h
configure:4546: result: yes
configure:4556: checking limits.h usability
configure:4556: gcc -pipe -c   conftest.c >&5
configure:4556: $? = 0
configure:4556: result: yes
configure:4556: checking limits.h presence
configure:4556: gcc -E  conftest.c
configure:4556: $? = 0
configure:4556: result: yes
configure:4556: checking for limits.h
configure:4556: result: yes
configure:4568: checking for stdlib.h
configure:4568: result: yes
configure:4620: checking for string.h
configure:4620: result: yes
configure:4664: checking sys/wait.h usability
configure:4664: gcc -pipe -c   conftest.c >&5
configure:4664: $? = 0
configure:4664: result: yes
configure:4664: checking sys/wait.h presence
configure:4664: gcc -E  conftest.c
configure:4664: $? = 0
configure:4664: result: yes
configure:4664: checking for sys/wait.h
configure:4664: result: yes
configure:4674: checking dlfcn.h usability
configure:4674: gcc -pipe -c   conftest.c >&5
configure:4674: $? = 0
configure:4674: result: yes
configure:4674: checking dlfcn.h presence
configure:4674: gcc -E  conftest.c
configure:4674: $? = 0
configure:4674: result: yes
configure:4674: checking for dlfcn.h
configure:4674: result: yes
configure:4688: checking sys/param.h usability
configure:4688: gcc -pipe -c   conftest.c >&5
configure:4688: $? = 0
configure:4688: result: yes
configure:4688: checking sys/param.h presence
configure:4688: gcc -E  conftest.c
configure:4688: $? = 0
configure:4688: result: yes
configure:4688: checking for sys/param.h
configure:4688: result: yes
configure:4854: checking for Tcl public headers
configure:4924: result: /home/steve/V3TCLSOURCE/LINUXX64/hdbpacklinux_v5/tcl8.6.9/generic
configure:4955: checking how to build libraries
configure:4973: result: shared
configure:4998: checking if 64bit support is requested
configure:5007: result: no
configure:5012: checking if 64bit Sparc VIS support is requested
configure:5021: result: no
configure:5049: checking system version
configure:5079: result: Linux-5.4.0-100-generic
configure:5087: checking for dlopen in -ldl
configure:5112: gcc -pipe -o conftest    conftest.c -ldl   >&5
configure:5112: $? = 0
configure:5121: result: yes
configure:5160: checking for ar
configure:5176: found /usr/bin/ar
configure:5187: result: ar
configure:6313: checking for required early compiler flags
configure:6331: gcc -pipe -c   conftest.c >&5
configure:6331: $? = 0
configure:6378: gcc -pipe -c   conftest.c >&5
conftest.c: In function 'main':
conftest.c:25:15: error: storage size of 'buf' isn't known
   25 | struct stat64 buf; int i = stat64("/", &buf);
      |               ^~~
conftest.c:25:28: warning: implicit declaration of function 'stat64'; did you mean 'stat'? [-Wimplicit-function-declaration]
   25 | struct stat64 buf; int i = stat64("/", &buf);
      |                            ^~~~~~
      |                            stat
configure:6378: $? = 1
configure: failed program was:
| /* confdefs.h */
| #define PACKAGE_NAME "pgtcl"
| #define PACKAGE_TARNAME "pgtcl"
| #define PACKAGE_VERSION "2.1.1"
| #define PACKAGE_STRING "pgtcl 2.1.1"
| #define PACKAGE_BUGREPORT ""
| #define PACKAGE_URL ""
| #define STDC_HEADERS 1
| #define HAVE_SYS_TYPES_H 1
| #define HAVE_SYS_STAT_H 1
| #define HAVE_STDLIB_H 1
| #define HAVE_STRING_H 1
| #define HAVE_MEMORY_H 1
| #define HAVE_STRINGS_H 1
| #define HAVE_INTTYPES_H 1
| #define HAVE_STDINT_H 1
| #define HAVE_UNISTD_H 1
| #define HAVE_LIMITS_H 1
| #define HAVE_SYS_PARAM_H 1
| /* end confdefs.h.  */
| #include <sys/stat.h>
| int
| main ()
| {
| struct stat64 buf; int i = stat64("/", &buf);
|   ;
|   return 0;
| }
configure:6393: gcc -pipe -c   conftest.c >&5
configure:6393: $? = 0
configure:6425: gcc -pipe -c   conftest.c >&5
conftest.c: In function 'main':
conftest.c:26:19: error: 'open64' undeclared (first use in this function)
   26 | char *p = (char *)open64;
      |                   ^~~~~~
conftest.c:26:19: note: each undeclared identifier is reported only once for each function it appears in
configure:6425: $? = 1
configure: failed program was:
| /* confdefs.h */
| #define PACKAGE_NAME "pgtcl"
| #define PACKAGE_TARNAME "pgtcl"
| #define PACKAGE_VERSION "2.1.1"
| #define PACKAGE_STRING "pgtcl 2.1.1"
| #define PACKAGE_BUGREPORT ""
| #define PACKAGE_URL ""
| #define STDC_HEADERS 1
| #define HAVE_SYS_TYPES_H 1
| #define HAVE_SYS_STAT_H 1
| #define HAVE_STDLIB_H 1
| #define HAVE_STRING_H 1
| #define HAVE_MEMORY_H 1
| #define HAVE_STRINGS_H 1
| #define HAVE_INTTYPES_H 1
| #define HAVE_STDINT_H 1
| #define HAVE_UNISTD_H 1
| #define HAVE_LIMITS_H 1
| #define HAVE_SYS_PARAM_H 1
| #define _LARGEFILE64_SOURCE 1
| /* end confdefs.h.  */
| #include <sys/stat.h>
| int
| main ()
| {
| char *p = (char *)open64;
|   ;
|   return 0;
| }
configure:6440: gcc -pipe -c   conftest.c >&5
conftest.c: In function 'main':
conftest.c:27:19: error: 'open64' undeclared (first use in this function)
   27 | char *p = (char *)open64;
      |                   ^~~~~~
conftest.c:27:19: note: each undeclared identifier is reported only once for each function it appears in
configure:6440: $? = 1
configure: failed program was:
| /* confdefs.h */
| #define PACKAGE_NAME "pgtcl"
| #define PACKAGE_TARNAME "pgtcl"
| #define PACKAGE_VERSION "2.1.1"
| #define PACKAGE_STRING "pgtcl 2.1.1"
| #define PACKAGE_BUGREPORT ""
| #define PACKAGE_URL ""
| #define STDC_HEADERS 1
| #define HAVE_SYS_TYPES_H 1
| #define HAVE_SYS_STAT_H 1
| #define HAVE_STDLIB_H 1
| #define HAVE_STRING_H 1
| #define HAVE_MEMORY_H 1
| #define HAVE_STRINGS_H 1
| #define HAVE_INTTYPES_H 1
| #define HAVE_STDINT_H 1
| #define HAVE_UNISTD_H 1
| #define HAVE_LIMITS_H 1
| #define HAVE_SYS_PARAM_H 1
| #define _LARGEFILE64_SOURCE 1
| /* end confdefs.h.  */
| #define _LARGEFILE_SOURCE64 1
| #include <sys/stat.h>
| int
| main ()
| {
| char *p = (char *)open64;
|   ;
|   return 0;
| }
configure:6461: result:  _LARGEFILE64_SOURCE
configure:6466: checking for 64-bit integer type
configure:6485: gcc -pipe -c   conftest.c >&5
conftest.c: In function 'main':
conftest.c:26:1: error: unknown type name '__int64'
   26 | __int64 value = (__int64) 0;
      | ^~~~~~~
conftest.c:26:18: error: '__int64' undeclared (first use in this function)
   26 | __int64 value = (__int64) 0;
      |                  ^~~~~~~
conftest.c:26:18: note: each undeclared identifier is reported only once for each function it appears in
conftest.c:26:27: error: expected ',' or ';' before numeric constant
   26 | __int64 value = (__int64) 0;
      |                           ^
configure:6485: $? = 1
configure: failed program was:
| /* confdefs.h */
| #define PACKAGE_NAME "pgtcl"
| #define PACKAGE_TARNAME "pgtcl"
| #define PACKAGE_VERSION "2.1.1"
| #define PACKAGE_STRING "pgtcl 2.1.1"
| #define PACKAGE_BUGREPORT ""
| #define PACKAGE_URL ""
| #define STDC_HEADERS 1
| #define HAVE_SYS_TYPES_H 1
| #define HAVE_SYS_STAT_H 1
| #define HAVE_STDLIB_H 1
| #define HAVE_STRING_H 1
| #define HAVE_MEMORY_H 1
| #define HAVE_STRINGS_H 1
| #define HAVE_INTTYPES_H 1
| #define HAVE_STDINT_H 1
| #define HAVE_UNISTD_H 1
| #define HAVE_LIMITS_H 1
| #define HAVE_SYS_PARAM_H 1
| #define _LARGEFILE64_SOURCE 1
| /* end confdefs.h.  */
| 
| int
| main ()
| {
| __int64 value = (__int64) 0;
|   ;
|   return 0;
| }
configure:6507: gcc -pipe -c   conftest.c >&5
conftest.c: In function 'main':
conftest.c:27:21: error: duplicate case value
   27 |             case 1: case (sizeof(long long)==sizeof(long)): ;
      |                     ^~~~
conftest.c:27:13: note: previously used here
   27 |             case 1: case (sizeof(long long)==sizeof(long)): ;
      |             ^~~~
configure:6507: $? = 1
configure: failed program was:
| /* confdefs.h */
| #define PACKAGE_NAME "pgtcl"
| #define PACKAGE_TARNAME "pgtcl"
| #define PACKAGE_VERSION "2.1.1"
| #define PACKAGE_STRING "pgtcl 2.1.1"
| #define PACKAGE_BUGREPORT ""
| #define PACKAGE_URL ""
| #define STDC_HEADERS 1
| #define HAVE_SYS_TYPES_H 1
| #define HAVE_SYS_STAT_H 1
| #define HAVE_STDLIB_H 1
| #define HAVE_STRING_H 1
| #define HAVE_MEMORY_H 1
| #define HAVE_STRINGS_H 1
| #define HAVE_INTTYPES_H 1
| #define HAVE_STDINT_H 1
| #define HAVE_UNISTD_H 1
| #define HAVE_LIMITS_H 1
| #define HAVE_SYS_PARAM_H 1
| #define _LARGEFILE64_SOURCE 1
| /* end confdefs.h.  */
| 
| int
| main ()
| {
| switch (0) {
|             case 1: case (sizeof(long long)==sizeof(long)): ;
|         }
|   ;
|   return 0;
| }
configure:6517: result: using long
configure:6661: checking for build with symbols
configure:6674: result: no
configure:6820: checking for lo_truncate
configure:6820: gcc -pipe -o conftest    -Wl,--export-dynamic  conftest.c -L/opt/postgresql-14.1/lib/ -lpq  >&5
configure:6820: $? = 0
configure:6820: result: yes
configure:6820: checking for PQencryptPassword
configure:6820: gcc -pipe -o conftest    -Wl,--export-dynamic  conftest.c -L/opt/postgresql-14.1/lib/ -lpq  >&5
configure:6820: $? = 0
configure:6820: result: yes
configure:6832: checking for PQescapeStringConn
configure:6832: gcc -pipe -o conftest    -Wl,--export-dynamic  conftest.c -L/opt/postgresql-14.1/lib/ -lpq  >&5
configure:6832: $? = 0
configure:6832: result: yes
configure:6832: checking for PQescapeByteaConn
configure:6832: gcc -pipe -o conftest    -Wl,--export-dynamic  conftest.c -L/opt/postgresql-14.1/lib/ -lpq  >&5
configure:6832: $? = 0
configure:6832: result: yes
configure:6846: checking for PQdescribePrepared
configure:6846: gcc -pipe -o conftest    -Wl,--export-dynamic  conftest.c -L/opt/postgresql-14.1/lib/ -lpq  >&5
configure:6846: $? = 0
configure:6846: result: yes
configure:6859: checking for lo_tell64
configure:6859: gcc -pipe -o conftest    -Wl,--export-dynamic  conftest.c -L/opt/postgresql-14.1/lib/ -lpq  >&5
configure:6859: $? = 0
configure:6859: result: yes
configure:6872: checking for PQescapeLiteral
configure:6872: gcc -pipe -o conftest    -Wl,--export-dynamic  conftest.c -L/opt/postgresql-14.1/lib/ -lpq  >&5
configure:6872: $? = 0
configure:6872: result: yes
configure:6971: checking for tclsh
configure:6998: result: /home/steve/V3TCLSOURCE/LINUXX64/hdbpacklinux_v7/tcl8.6.9/unix/tclsh
configure:7158: creating ./config.status

## ---------------------- ##
## Running config.status. ##
## ---------------------- ##

This file was extended by pgtcl config.status 2.1.1, which was
generated by GNU Autoconf 2.69.  Invocation command line was

  CONFIG_FILES    = 
  CONFIG_HEADERS  = 
  CONFIG_LINKS    = 
  CONFIG_COMMANDS = 
  $ ./config.status 

on CRANE

config.status:794: creating Makefile
config.status:794: creating pkgIndex.tcl

## ---------------- ##
## Cache variables. ##
## ---------------- ##

ac_cv_c_bigendian=no
ac_cv_c_compiler_gnu=yes
ac_cv_c_tclconfig=/home/steve/V3TCLSOURCE/LINUXX64/hdbpacklinux_v7/tcl8.6.9/unix
ac_cv_c_tclh=/home/steve/V3TCLSOURCE/LINUXX64/hdbpacklinux_v5/tcl8.6.9/generic
ac_cv_env_CC_set=
ac_cv_env_CC_value=
ac_cv_env_CFLAGS_set=
ac_cv_env_CFLAGS_value=
ac_cv_env_CPPFLAGS_set=
ac_cv_env_CPPFLAGS_value=
ac_cv_env_CPP_set=
ac_cv_env_CPP_value=
ac_cv_env_LDFLAGS_set=
ac_cv_env_LDFLAGS_value=
ac_cv_env_LIBS_set=
ac_cv_env_LIBS_value=
ac_cv_env_build_alias_set=
ac_cv_env_build_alias_value=
ac_cv_env_host_alias_set=
ac_cv_env_host_alias_value=
ac_cv_env_target_alias_set=
ac_cv_env_target_alias_value=
ac_cv_func_PQdescribePrepared=yes
ac_cv_func_PQencryptPassword=yes
ac_cv_func_PQescapeByteaConn=yes
ac_cv_func_PQescapeLiteral=yes
ac_cv_func_PQescapeStringConn=yes
ac_cv_func_connect=yes
ac_cv_func_gethostbyname=yes
ac_cv_func_lo_tell64=yes
ac_cv_func_lo_truncate=yes
ac_cv_func_sin=no
ac_cv_header_dlfcn_h=yes
ac_cv_header_errno_h=yes
ac_cv_header_float_h=yes
ac_cv_header_inttypes_h=yes
ac_cv_header_limits_h=yes
ac_cv_header_memory_h=yes
ac_cv_header_net_errno_h=no
ac_cv_header_stdc=yes
ac_cv_header_stdint_h=yes
ac_cv_header_stdlib_h=yes
ac_cv_header_string_h=yes
ac_cv_header_strings_h=yes
ac_cv_header_sys_param_h=yes
ac_cv_header_sys_stat_h=yes
ac_cv_header_sys_types_h=yes
ac_cv_header_sys_wait_h=yes
ac_cv_header_unistd_h=yes
ac_cv_header_values_h=yes
ac_cv_lib_dl_dlopen=yes
ac_cv_lib_ieee_main=no
ac_cv_lib_inet_main=no
ac_cv_objext=o
ac_cv_path_EGREP='/bin/grep -E'
ac_cv_path_GREP=/bin/grep
ac_cv_path_install='/usr/bin/install -c'
ac_cv_prog_AR=ar
ac_cv_prog_CPP='gcc -E'
ac_cv_prog_ac_ct_CC=gcc
ac_cv_prog_ac_ct_RANLIB=ranlib
ac_cv_prog_cc_c89=
ac_cv_prog_cc_g=yes
ac_cv_prog_make_make_set=yes
tcl_cv_dirent_h=yes
tcl_cv_flag__isoc99_source=no
tcl_cv_flag__largefile64_source=yes
tcl_cv_flag__largefile_source64=no
tcl_cv_sys_version=Linux-5.4.0-100-generic
tcl_cv_type_64bit=none

## ----------------- ##
## Output variables. ##
## ----------------- ##

AR='ar'
CC='gcc -pipe'
CFLAGS=' ${CFLAGS_DEFAULT} ${CFLAGS_WARNING} ${SHLIB_CFLAGS}'
CFLAGS_DEBUG='-g'
CFLAGS_DEFAULT='-O2 -fomit-frame-pointer'
CFLAGS_OPTIMIZE='-O2 -fomit-frame-pointer'
CFLAGS_WARNING='-Wall -Wno-implicit-int'
CLEANFILES='pkgIndex.tcl'
CPP='gcc -E'
CPPFLAGS=''
CYGPATH='echo'
DEFS='-DPACKAGE_NAME=\"pgtcl\" -DPACKAGE_TARNAME=\"pgtcl\" -DPACKAGE_VERSION=\"2.1.1\" -DPACKAGE_STRING=\"pgtcl\ 2.1.1\" -DPACKAGE_BUGREPORT=\"\" -DPACKAGE_URL=\"\" -DSTDC_HEADERS=1 -DHAVE_SYS_TYPES_H=1 -DHAVE_SYS_STAT_H=1 -DHAVE_STDLIB_H=1 -DHAVE_STRING_H=1 -DHAVE_MEMORY_H=1 -DHAVE_STRINGS_H=1 -DHAVE_INTTYPES_H=1 -DHAVE_STDINT_H=1 -DHAVE_UNISTD_H=1 -DHAVE_LIMITS_H=1 -DHAVE_SYS_PARAM_H=1 -D_LARGEFILE64_SOURCE=1 -DTCL_WIDE_INT_IS_LONG=1 -DUSE_TCL_STUBS=1 -DHAVE_LO_TRUNCATE=1 -DHAVE_PQENCRYPTPASSWORD=1 -DHAVE_PQESCAPESTRINGCONN=1 -DHAVE_PQESCAPEBYTEACONN=1 -DHAVE_PQDESCRIBEPREPARED=1 -DHAVE_LO_TELL64=1 -DHAVE_PQESCAPELITERAL=1'
DL_LIBS='-ldl'
ECHO_C=''
ECHO_N='-n'
ECHO_T=''
EGREP='/bin/grep -E'
EXEEXT=''
GREP='/bin/grep'
INSTALL_DATA='${INSTALL} -m 644'
INSTALL_PROGRAM='${INSTALL}'
INSTALL_SCRIPT='${INSTALL}'
LDFLAGS=' -Wl,--export-dynamic '
LDFLAGS_DEFAULT=' -Wl,--export-dynamic '
LD_LIBRARY_PATH_VAR='LD_LIBRARY_PATH'
LD_SEARCH_FLAGS='-Wl,-rpath,${LIB_RUNTIME_DIR},-rpath,${LIB_PGTCL_RUNTIME_DIR}'
LIBOBJS=''
LIBPG='libpq.so'
LIBS=''
LTLIBOBJS=''
MAKE_LIB='${SHLIB_LD} -o $@ $(PKG_OBJECTS) ${SHLIB_LD_LIBS} '
MAKE_SHARED_LIB='${SHLIB_LD} -o $@ $(PKG_OBJECTS) ${SHLIB_LD_LIBS}'
MAKE_STATIC_LIB='${STLIB_LD} $@ $(PKG_OBJECTS)'
MAKE_STUB_LIB='${STLIB_LD} $@ $(PKG_STUB_OBJECTS)'
MATH_LIBS='-lm'
OBJEXT='o'
PACKAGE_BUGREPORT=''
PACKAGE_NAME='pgtcl'
PACKAGE_STRING='pgtcl 2.1.1'
PACKAGE_TARNAME='pgtcl'
PACKAGE_URL=''
PACKAGE_VERSION='2.1.1'
PATH_SEPARATOR=':'
PG_CONFIG='/opt/postgresql-14.1/bin'
PG_INCLUDES='-I/opt/postgresql-14.1/include/'
PG_LIBS='-L/opt/postgresql-14.1/lib/ -lpq'
PG_LIB_DIR='/opt/postgresql-14.1/lib/'
PKG_CFLAGS=' '
PKG_HEADERS=' libpgtcl.h'
PKG_INCLUDES=''
PKG_LIBS=''
PKG_LIB_FILE='libpgtcl2.1.1.so'
PKG_OBJECTS=' pgtcl.o pgtclCmds.o pgtclId.o'
PKG_SOURCES=' pgtcl.c pgtclCmds.c pgtclId.c'
PKG_STUB_LIB_FILE='libpgtclstub2.1.1.a'
PKG_STUB_OBJECTS=''
PKG_STUB_SOURCES=''
PKG_TCL_SOURCES=''
RANLIB=':'
RANLIB_STUB='ranlib'
SET_MAKE=''
SHARED_BUILD='1'
SHELL='/bin/bash'
SHLIB_CFLAGS='-fPIC'
SHLIB_LD='gcc -pipe -shared'
SHLIB_LD_LIBS='${LIBS} -L/home/steve/V3TCLSOURCE/LINUXX64/hdbpacklinux_v5/tcl8.6.9/unix -ltclstub8.6'
STLIB_LD='${AR} cr'
TCLSH_PROG='/home/steve/V3TCLSOURCE/LINUXX64/hdbpacklinux_v7/tcl8.6.9/unix/tclsh'
TCL_BIN_DIR='/home/steve/V3TCLSOURCE/LINUXX64/hdbpacklinux_v7/tcl8.6.9/unix'
TCL_DBGX=''
TCL_DEFS='-DPACKAGE_NAME=\"tcl\" -DPACKAGE_TARNAME=\"tcl\" -DPACKAGE_VERSION=\"8.6\" -DPACKAGE_STRING=\"tcl\ 8.6\" -DPACKAGE_BUGREPORT=\"\" -DSTDC_HEADERS=1 -DHAVE_SYS_TYPES_H=1 -DHAVE_SYS_STAT_H=1 -DHAVE_STDLIB_H=1 -DHAVE_STRING_H=1 -DHAVE_MEMORY_H=1 -DHAVE_STRINGS_H=1 -DHAVE_INTTYPES_H=1 -DHAVE_STDINT_H=1 -DHAVE_UNISTD_H=1 -DHAVE_SYS_PARAM_H=1 -DUSE_THREAD_ALLOC=1 -D_REENTRANT=1 -D_THREAD_SAFE=1 -DHAVE_PTHREAD_ATTR_SETSTACKSIZE=1 -DHAVE_PTHREAD_ATFORK=1 -DTCL_THREADS=1 -DTCL_CFGVAL_ENCODING=\"iso8859-1\" -DHAVE_ZLIB=1 -DMODULE_SCOPE=extern\ __attribute__\(\(__visibility__\(\"hidden\"\)\)\) -DHAVE_HIDDEN=1 -DHAVE_CAST_TO_UNION=1 -DTCL_SHLIB_EXT=\".so\" -DNDEBUG=1 -DTCL_CFG_OPTIMIZED=1 -DTCL_TOMMATH=1 -DMP_PREC=4 -D_LARGEFILE64_SOURCE=1 -DTCL_WIDE_INT_IS_LONG=1 -DHAVE_GETCWD=1 -DHAVE_MKSTEMP=1 -DHAVE_OPENDIR=1 -DHAVE_STRTOL=1 -DHAVE_WAITPID=1 -DHAVE_GETNAMEINFO=1 -DHAVE_GETADDRINFO=1 -DHAVE_FREEADDRINFO=1 -DHAVE_GAI_STRERROR=1 -DHAVE_STRUCT_ADDRINFO=1 -DHAVE_STRUCT_IN6_ADDR=1 -DHAVE_STRUCT_SOCKADDR_IN6=1 -DHAVE_STRUCT_SOCKADDR_STORAGE=1 -DHAVE_GETPWUID_R_5=1 -DHAVE_GETPWUID_R=1 -DHAVE_GETPWNAM_R_5=1 -DHAVE_GETPWNAM_R=1 -DHAVE_GETGRGID_R_5=1 -DHAVE_GETGRGID_R=1 -DHAVE_GETGRNAM_R_5=1 -DHAVE_GETGRNAM_R=1 -DHAVE_GETHOSTBYNAME_R_6=1 -DHAVE_GETHOSTBYNAME_R=1 -DHAVE_GETHOSTBYADDR_R_8=1 -DHAVE_GETHOSTBYADDR_R=1 -DHAVE_TERMIOS_H=1 -DHAVE_SYS_IOCTL_H=1 -DHAVE_SYS_TIME_H=1 -DTIME_WITH_SYS_TIME=1 -DHAVE_GMTIME_R=1 -DHAVE_LOCALTIME_R=1 -DHAVE_MKTIME=1 -DHAVE_TM_GMTOFF=1 -DHAVE_TIMEZONE_VAR=1 -DHAVE_STRUCT_STAT_ST_BLOCKS=1 -DHAVE_STRUCT_STAT_ST_BLKSIZE=1 -DHAVE_BLKCNT_T=1 -DHAVE_INTPTR_T=1 -DHAVE_UINTPTR_T=1 -DNO_UNION_WAIT=1 -DHAVE_SIGNED_CHAR=1 -DHAVE_LANGINFO=1 -DHAVE_MKSTEMPS=1 -DHAVE_FTS=1 -DHAVE_SYS_IOCTL_H=1 -DTCL_UNLOAD_DLLS=1 -DHAVE_CPUID=1 '
TCL_EXTRA_CFLAGS=' -pipe '
TCL_INCLUDES='-I"/home/steve/V3TCLSOURCE/LINUXX64/hdbpacklinux_v5/tcl8.6.9/generic"'
TCL_LD_FLAGS=' -Wl,--export-dynamic '
TCL_LIBS='${DL_LIBS} ${LIBS} ${MATH_LIBS}'
TCL_LIB_FILE='libtcl8.6.so'
TCL_LIB_FLAG='-ltcl8.6'
TCL_LIB_SPEC='-L/home/steve/V3TCLSOURCE/LINUXX64/hdbpacklinux_v5/tcl8.6.9/unix -ltcl8.6'
TCL_SHLIB_LD_LIBS='${LIBS}'
TCL_SRC_DIR='/home/steve/V3TCLSOURCE/LINUXX64/hdbpacklinux_v5/tcl8.6.9'
TCL_STUB_LIB_FILE='libtclstub8.6.a'
TCL_STUB_LIB_FLAG='-ltclstub8.6'
TCL_STUB_LIB_SPEC='-L/home/steve/V3TCLSOURCE/LINUXX64/hdbpacklinux_v5/tcl8.6.9/unix -ltclstub8.6'
TCL_VERSION='8.6'
ac_ct_CC='gcc'
bindir='${exec_prefix}/bin'
build_alias=''
datadir='${datarootdir}'
datarootdir='${prefix}/share'
docdir='${datarootdir}/doc/${PACKAGE_TARNAME}'
dvidir='${docdir}'
exec_prefix='/home/steve/V3TCLSOURCE/LINUXX64/hdbpacklinux_v5/local'
host_alias=''
htmldir='${docdir}'
includedir='${prefix}/include'
infodir='${datarootdir}/info'
libdir='${exec_prefix}/lib'
libexecdir='${exec_prefix}/libexec'
localedir='${datarootdir}/locale'
localstatedir='${prefix}/var'
mandir='${datarootdir}/man'
oldincludedir='/usr/include'
pdfdir='${docdir}'
prefix='/home/steve/V3TCLSOURCE/LINUXX64/hdbpacklinux_v5/local'
program_transform_name='s,x,x,'
psdir='${docdir}'
sbindir='${exec_prefix}/sbin'
sharedstatedir='${prefix}/com'
sysconfdir='${prefix}/etc'
target_alias=''

## ----------- ##
## confdefs.h. ##
## ----------- ##

/* confdefs.h */
#define PACKAGE_NAME "pgtcl"
#define PACKAGE_TARNAME "pgtcl"
#define PACKAGE_VERSION "2.1.1"
#define PACKAGE_STRING "pgtcl 2.1.1"
#define PACKAGE_BUGREPORT ""
#define PACKAGE_URL ""
#define STDC_HEADERS 1
#define HAVE_SYS_TYPES_H 1
#define HAVE_SYS_STAT_H 1
#define HAVE_STDLIB_H 1
#define HAVE_STRING_H 1
#define HAVE_MEMORY_H 1
#define HAVE_STRINGS_H 1
#define HAVE_INTTYPES_H 1
#define HAVE_STDINT_H 1
#define HAVE_UNISTD_H 1
#define HAVE_LIMITS_H 1
#define HAVE_SYS_PARAM_H 1
#define _LARGEFILE64_SOURCE 1
#define TCL_WIDE_INT_IS_LONG 1
#define USE_TCL_STUBS 1
#define HAVE_LO_TRUNCATE 1
#define HAVE_PQENCRYPTPASSWORD 1
#define HAVE_PQESCAPESTRINGCONN 1
#define HAVE_PQESCAPEBYTEACONN 1
#define HAVE_PQDESCRIBEPREPARED 1
#define HAVE_LO_TELL64 1
#define HAVE_PQESCAPELITERAL 1

configure: exit 0
